# JRE version: OpenJDK Runtime Environment (21.0.6) (build 21.0.6+-13391695-b895.109)
# Java VM: OpenJDK 64-Bit Server VM (21.0.6+-13391695-b895.109, mixed mode, tiered, compressed oops, compressed class ptrs, g1 gc, windows-amd64)
GC Precious Log:
 CardTable entry size: 512
 Card Set container configuration: InlinePtr #cards 5 size 8 Array Of Cards #cards 12 size 40 Howl #buckets 4 coarsen threshold 1843 Howl Bitmap #cards 512 size 80 coarsen threshold 460 Card regions per heap region 1 cards per card region 2048
 CPUs: 8 total, 8 available
 Memory: 7115M
 Large Page Support: Disabled
 NUMA Support: Disabled
 Compressed Oops: Enabled (32-bit)
 Heap Region Size: 1M
 Heap Min Capacity: 8M
 Heap Initial Capacity: 112M
 Heap Max Capacity: 1780M
 Pre-touch: Disabled
 Parallel Workers: 8
 Concurrent Workers: 2
 Concurrent Refinement Workers: 8
 Periodic GC: Disabled
Heap:
 garbage-first heap   total 198656K, used 173792K [0x0000000090c00000, 0x0000000100000000)
  region size 1024K, 57 young (58368K), 1 survivors (1024K)
 Metaspace       used 101388K, committed 101824K, reserved 1179648K
  class space    used 10116K, committed 10304K, reserved 1048576K
GC Heap History (20 events):
Event: 237.865 GC heap before
{Heap before GC invocations=43 (full 0):
 garbage-first heap   total 140288K, used 109382K [0x0000000090c00000, 0x0000000100000000)
  region size 1024K, 30 young (30720K), 4 survivors (4096K)
 Metaspace       used 72244K, committed 72576K, reserved 1114112K
  class space    used 7844K, committed 8000K, reserved 1048576K
}
Event: 237.937 GC heap after
{Heap after GC invocations=44 (full 0):
 garbage-first heap   total 140288K, used 83591K [0x0000000090c00000, 0x0000000100000000)
  region size 1024K, 1 young (1024K), 1 survivors (1024K)
 Metaspace       used 72244K, committed 72576K, reserved 1114112K
  class space    used 7844K, committed 8000K, reserved 1048576K
}
Event: 249.112 GC heap before
{Heap before GC invocations=44 (full 0):
 garbage-first heap   total 140288K, used 125575K [0x0000000090c00000, 0x0000000100000000)
  region size 1024K, 42 young (43008K), 1 survivors (1024K)
 Metaspace       used 72933K, committed 73216K, reserved 1114112K
  class space    used 7882K, committed 8000K, reserved 1048576K
}
Event: 249.199 GC heap after
{Heap after GC invocations=45 (full 0):
 garbage-first heap   total 140288K, used 89248K [0x0000000090c00000, 0x0000000100000000)
  region size 1024K, 6 young (6144K), 6 survivors (6144K)
 Metaspace       used 72933K, committed 73216K, reserved 1114112K
  class space    used 7882K, committed 8000K, reserved 1048576K
}
Event: 259.010 GC heap before
{Heap before GC invocations=45 (full 0):
 garbage-first heap   total 140288K, used 124064K [0x0000000090c00000, 0x0000000100000000)
  region size 1024K, 41 young (41984K), 6 survivors (6144K)
 Metaspace       used 77337K, committed 77632K, reserved 1179648K
  class space    used 8259K, committed 8384K, reserved 1048576K
}
Event: 259.219 GC heap after
{Heap after GC invocations=46 (full 0):
 garbage-first heap   total 140288K, used 94773K [0x0000000090c00000, 0x0000000100000000)
  region size 1024K, 5 young (5120K), 5 survivors (5120K)
 Metaspace       used 77337K, committed 77632K, reserved 1179648K
  class space    used 8259K, committed 8384K, reserved 1048576K
}
Event: 274.669 GC heap before
{Heap before GC invocations=47 (full 0):
 garbage-first heap   total 158720K, used 125493K [0x0000000090c00000, 0x0000000100000000)
  region size 1024K, 35 young (35840K), 5 survivors (5120K)
 Metaspace       used 80456K, committed 80768K, reserved 1179648K
  class space    used 8507K, committed 8640K, reserved 1048576K
}
Event: 274.811 GC heap after
{Heap after GC invocations=48 (full 0):
 garbage-first heap   total 158720K, used 101151K [0x0000000090c00000, 0x0000000100000000)
  region size 1024K, 5 young (5120K), 5 survivors (5120K)
 Metaspace       used 80456K, committed 80768K, reserved 1179648K
  class space    used 8507K, committed 8640K, reserved 1048576K
}
Event: 289.196 GC heap before
{Heap before GC invocations=48 (full 0):
 garbage-first heap   total 158720K, used 141087K [0x0000000090c00000, 0x0000000100000000)
  region size 1024K, 44 young (45056K), 5 survivors (5120K)
 Metaspace       used 82786K, committed 83072K, reserved 1179648K
  class space    used 8628K, committed 8768K, reserved 1048576K
}
Event: 289.291 GC heap after
{Heap after GC invocations=49 (full 0):
 garbage-first heap   total 158720K, used 106138K [0x0000000090c00000, 0x0000000100000000)
  region size 1024K, 6 young (6144K), 6 survivors (6144K)
 Metaspace       used 82786K, committed 83072K, reserved 1179648K
  class space    used 8628K, committed 8768K, reserved 1048576K
}
Event: 320.122 GC heap before
{Heap before GC invocations=49 (full 0):
 garbage-first heap   total 158720K, used 141978K [0x0000000090c00000, 0x0000000100000000)
  region size 1024K, 41 young (41984K), 6 survivors (6144K)
 Metaspace       used 88959K, committed 89344K, reserved 1179648K
  class space    used 9174K, committed 9344K, reserved 1048576K
}
Event: 320.274 GC heap after
{Heap after GC invocations=50 (full 0):
 garbage-first heap   total 158720K, used 109511K [0x0000000090c00000, 0x0000000100000000)
  region size 1024K, 3 young (3072K), 3 survivors (3072K)
 Metaspace       used 88959K, committed 89344K, reserved 1179648K
  class space    used 9174K, committed 9344K, reserved 1048576K
}
Event: 351.030 GC heap before
{Heap before GC invocations=51 (full 0):
 garbage-first heap   total 183296K, used 144327K [0x0000000090c00000, 0x0000000100000000)
  region size 1024K, 37 young (37888K), 3 survivors (3072K)
 Metaspace       used 92183K, committed 92544K, reserved 1179648K
  class space    used 9424K, committed 9600K, reserved 1048576K
}
Event: 351.115 GC heap after
{Heap after GC invocations=52 (full 0):
 garbage-first heap   total 183296K, used 111649K [0x0000000090c00000, 0x0000000100000000)
  region size 1024K, 3 young (3072K), 3 survivors (3072K)
 Metaspace       used 92183K, committed 92544K, reserved 1179648K
  class space    used 9424K, committed 9600K, reserved 1048576K
}
Event: 379.948 GC heap before
{Heap before GC invocations=52 (full 0):
 garbage-first heap   total 183296K, used 164897K [0x0000000090c00000, 0x0000000100000000)
  region size 1024K, 55 young (56320K), 3 survivors (3072K)
 Metaspace       used 96372K, committed 96768K, reserved 1179648K
  class space    used 9753K, committed 9920K, reserved 1048576K
}
Event: 380.052 GC heap after
{Heap after GC invocations=53 (full 0):
 garbage-first heap   total 183296K, used 113683K [0x0000000090c00000, 0x0000000100000000)
  region size 1024K, 6 young (6144K), 6 survivors (6144K)
 Metaspace       used 96372K, committed 96768K, reserved 1179648K
  class space    used 9753K, committed 9920K, reserved 1048576K
}
Event: 423.420 GC heap before
{Heap before GC invocations=53 (full 0):
 garbage-first heap   total 183296K, used 165907K [0x0000000090c00000, 0x0000000100000000)
  region size 1024K, 57 young (58368K), 6 survivors (6144K)
 Metaspace       used 100347K, committed 100800K, reserved 1179648K
  class space    used 10027K, committed 10240K, reserved 1048576K
}
Event: 424.000 GC heap after
{Heap after GC invocations=54 (full 0):
 garbage-first heap   total 183296K, used 117868K [0x0000000090c00000, 0x0000000100000000)
  region size 1024K, 8 young (8192K), 8 survivors (8192K)
 Metaspace       used 100347K, committed 100800K, reserved 1179648K
  class space    used 10027K, committed 10240K, reserved 1048576K
}
Event: 430.275 GC heap before
{Heap before GC invocations=55 (full 0):
 garbage-first heap   total 198656K, used 118892K [0x0000000090c00000, 0x0000000100000000)
  region size 1024K, 9 young (9216K), 8 survivors (8192K)
 Metaspace       used 100393K, committed 100800K, reserved 1179648K
  class space    used 10032K, committed 10240K, reserved 1048576K
}
Event: 430.350 GC heap after
{Heap after GC invocations=56 (full 0):
 garbage-first heap   total 198656K, used 118496K [0x0000000090c00000, 0x0000000100000000)
  region size 1024K, 1 young (1024K), 1 survivors (1024K)
 Metaspace       used 100393K, committed 100800K, reserved 1179648K
  class space    used 10032K, committed 10240K, reserved 1048576K
}

